This is pdfTeX, Version 3.1415926-2.5-1.40.14 (TeX Live 2013/Debian) (format=pdflatex 2015.2.9)  23 FEB 2015 18:20
entering extended mode
 restricted \write18 enabled.
 %&-line parsing enabled.
**crittografia1.tex
(./crittografia1.tex
LaTeX2e <2011/06/27>
Babel <3.9h> and hyphenation patterns for 29 languages loaded.
(/usr/share/texlive/texmf-dist/tex/latex/base/article.cls
Document Class: article 2007/10/19 v1.4h Standard LaTeX document class
(/usr/share/texlive/texmf-dist/tex/latex/base/size10.clo
File: size10.clo 2007/10/19 v1.4h Standard LaTeX file (size option)
)
\c@part=\count79
\c@section=\count80
\c@subsection=\count81
\c@subsubsection=\count82
\c@paragraph=\count83
\c@subparagraph=\count84
\c@figure=\count85
\c@table=\count86
\abovecaptionskip=\skip41
\belowcaptionskip=\skip42
\bibindent=\dimen102
)
(/usr/share/texlive/texmf-dist/tex/latex/base/inputenc.sty
Package: inputenc 2008/03/30 v1.1d Input encoding file
\inpenc@prehook=\toks14
\inpenc@posthook=\toks15

(/usr/share/texlive/texmf-dist/tex/latex/base/utf8.def
File: utf8.def 2008/04/05 v1.1m UTF-8 support for inputenc
Now handling font encoding OML ...
... no UTF-8 mapping file for font encoding OML
Now handling font encoding T1 ...
... processing UTF-8 mapping file for font encoding T1

(/usr/share/texlive/texmf-dist/tex/latex/base/t1enc.dfu
File: t1enc.dfu 2008/04/05 v1.1m UTF-8 support for inputenc
   defining Unicode char U+00A1 (decimal 161)
   defining Unicode char U+00A3 (decimal 163)
   defining Unicode char U+00AB (decimal 171)
   defining Unicode char U+00BB (decimal 187)
   defining Unicode char U+00BF (decimal 191)
   defining Unicode char U+00C0 (decimal 192)
   defining Unicode char U+00C1 (decimal 193)
   defining Unicode char U+00C2 (decimal 194)
   defining Unicode char U+00C3 (decimal 195)
   defining Unicode char U+00C4 (decimal 196)
   defining Unicode char U+00C5 (decimal 197)
   defining Unicode char U+00C6 (decimal 198)
   defining Unicode char U+00C7 (decimal 199)
   defining Unicode char U+00C8 (decimal 200)
   defining Unicode char U+00C9 (decimal 201)
   defining Unicode char U+00CA (decimal 202)
   defining Unicode char U+00CB (decimal 203)
   defining Unicode char U+00CC (decimal 204)
   defining Unicode char U+00CD (decimal 205)
   defining Unicode char U+00CE (decimal 206)
   defining Unicode char U+00CF (decimal 207)
   defining Unicode char U+00D0 (decimal 208)
   defining Unicode char U+00D1 (decimal 209)
   defining Unicode char U+00D2 (decimal 210)
   defining Unicode char U+00D3 (decimal 211)
   defining Unicode char U+00D4 (decimal 212)
   defining Unicode char U+00D5 (decimal 213)
   defining Unicode char U+00D6 (decimal 214)
   defining Unicode char U+00D8 (decimal 216)
   defining Unicode char U+00D9 (decimal 217)
   defining Unicode char U+00DA (decimal 218)
   defining Unicode char U+00DB (decimal 219)
   defining Unicode char U+00DC (decimal 220)
   defining Unicode char U+00DD (decimal 221)
   defining Unicode char U+00DE (decimal 222)
   defining Unicode char U+00DF (decimal 223)
   defining Unicode char U+00E0 (decimal 224)
   defining Unicode char U+00E1 (decimal 225)
   defining Unicode char U+00E2 (decimal 226)
   defining Unicode char U+00E3 (decimal 227)
   defining Unicode char U+00E4 (decimal 228)
   defining Unicode char U+00E5 (decimal 229)
   defining Unicode char U+00E6 (decimal 230)
   defining Unicode char U+00E7 (decimal 231)
   defining Unicode char U+00E8 (decimal 232)
   defining Unicode char U+00E9 (decimal 233)
   defining Unicode char U+00EA (decimal 234)
   defining Unicode char U+00EB (decimal 235)
   defining Unicode char U+00EC (decimal 236)
   defining Unicode char U+00ED (decimal 237)
   defining Unicode char U+00EE (decimal 238)
   defining Unicode char U+00EF (decimal 239)
   defining Unicode char U+00F0 (decimal 240)
   defining Unicode char U+00F1 (decimal 241)
   defining Unicode char U+00F2 (decimal 242)
   defining Unicode char U+00F3 (decimal 243)
   defining Unicode char U+00F4 (decimal 244)
   defining Unicode char U+00F5 (decimal 245)
   defining Unicode char U+00F6 (decimal 246)
   defining Unicode char U+00F8 (decimal 248)
   defining Unicode char U+00F9 (decimal 249)
   defining Unicode char U+00FA (decimal 250)
   defining Unicode char U+00FB (decimal 251)
   defining Unicode char U+00FC (decimal 252)
   defining Unicode char U+00FD (decimal 253)
   defining Unicode char U+00FE (decimal 254)
   defining Unicode char U+00FF (decimal 255)
   defining Unicode char U+0102 (decimal 258)
   defining Unicode char U+0103 (decimal 259)
   defining Unicode char U+0104 (decimal 260)
   defining Unicode char U+0105 (decimal 261)
   defining Unicode char U+0106 (decimal 262)
   defining Unicode char U+0107 (decimal 263)
   defining Unicode char U+010C (decimal 268)
   defining Unicode char U+010D (decimal 269)
   defining Unicode char U+010E (decimal 270)
   defining Unicode char U+010F (decimal 271)
   defining Unicode char U+0110 (decimal 272)
   defining Unicode char U+0111 (decimal 273)
   defining Unicode char U+0118 (decimal 280)
   defining Unicode char U+0119 (decimal 281)
   defining Unicode char U+011A (decimal 282)
   defining Unicode char U+011B (decimal 283)
   defining Unicode char U+011E (decimal 286)
   defining Unicode char U+011F (decimal 287)
   defining Unicode char U+0130 (decimal 304)
   defining Unicode char U+0131 (decimal 305)
   defining Unicode char U+0132 (decimal 306)
   defining Unicode char U+0133 (decimal 307)
   defining Unicode char U+0139 (decimal 313)
   defining Unicode char U+013A (decimal 314)
   defining Unicode char U+013D (decimal 317)
   defining Unicode char U+013E (decimal 318)
   defining Unicode char U+0141 (decimal 321)
   defining Unicode char U+0142 (decimal 322)
   defining Unicode char U+0143 (decimal 323)
   defining Unicode char U+0144 (decimal 324)
   defining Unicode char U+0147 (decimal 327)
   defining Unicode char U+0148 (decimal 328)
   defining Unicode char U+014A (decimal 330)
   defining Unicode char U+014B (decimal 331)
   defining Unicode char U+0150 (decimal 336)
   defining Unicode char U+0151 (decimal 337)
   defining Unicode char U+0152 (decimal 338)
   defining Unicode char U+0153 (decimal 339)
   defining Unicode char U+0154 (decimal 340)
   defining Unicode char U+0155 (decimal 341)
   defining Unicode char U+0158 (decimal 344)
   defining Unicode char U+0159 (decimal 345)
   defining Unicode char U+015A (decimal 346)
   defining Unicode char U+015B (decimal 347)
   defining Unicode char U+015E (decimal 350)
   defining Unicode char U+015F (decimal 351)
   defining Unicode char U+0160 (decimal 352)
   defining Unicode char U+0161 (decimal 353)
   defining Unicode char U+0162 (decimal 354)
   defining Unicode char U+0163 (decimal 355)
   defining Unicode char U+0164 (decimal 356)
   defining Unicode char U+0165 (decimal 357)
   defining Unicode char U+016E (decimal 366)
   defining Unicode char U+016F (decimal 367)
   defining Unicode char U+0170 (decimal 368)
   defining Unicode char U+0171 (decimal 369)
   defining Unicode char U+0178 (decimal 376)
   defining Unicode char U+0179 (decimal 377)
   defining Unicode char U+017A (decimal 378)
   defining Unicode char U+017B (decimal 379)
   defining Unicode char U+017C (decimal 380)
   defining Unicode char U+017D (decimal 381)
   defining Unicode char U+017E (decimal 382)
   defining Unicode char U+200C (decimal 8204)
   defining Unicode char U+2013 (decimal 8211)
   defining Unicode char U+2014 (decimal 8212)
   defining Unicode char U+2018 (decimal 8216)
   defining Unicode char U+2019 (decimal 8217)
   defining Unicode char U+201A (decimal 8218)
   defining Unicode char U+201C (decimal 8220)
   defining Unicode char U+201D (decimal 8221)
   defining Unicode char U+201E (decimal 8222)
   defining Unicode char U+2030 (decimal 8240)
   defining Unicode char U+2031 (decimal 8241)
   defining Unicode char U+2039 (decimal 8249)
   defining Unicode char U+203A (decimal 8250)
   defining Unicode char U+2423 (decimal 9251)
)
Now handling font encoding OT1 ...
... processing UTF-8 mapping file for font encoding OT1

(/usr/share/texlive/texmf-dist/tex/latex/base/ot1enc.dfu
File: ot1enc.dfu 2008/04/05 v1.1m UTF-8 support for inputenc
   defining Unicode char U+00A1 (decimal 161)
   defining Unicode char U+00A3 (decimal 163)
   defining Unicode char U+00B8 (decimal 184)
   defining Unicode char U+00BF (decimal 191)
   defining Unicode char U+00C5 (decimal 197)
   defining Unicode char U+00C6 (decimal 198)
   defining Unicode char U+00D8 (decimal 216)
   defining Unicode char U+00DF (decimal 223)
   defining Unicode char U+00E6 (decimal 230)
   defining Unicode char U+00EC (decimal 236)
   defining Unicode char U+00ED (decimal 237)
   defining Unicode char U+00EE (decimal 238)
   defining Unicode char U+00EF (decimal 239)
   defining Unicode char U+00F8 (decimal 248)
   defining Unicode char U+0131 (decimal 305)
   defining Unicode char U+0141 (decimal 321)
   defining Unicode char U+0142 (decimal 322)
   defining Unicode char U+0152 (decimal 338)
   defining Unicode char U+0153 (decimal 339)
   defining Unicode char U+2013 (decimal 8211)
   defining Unicode char U+2014 (decimal 8212)
   defining Unicode char U+2018 (decimal 8216)
   defining Unicode char U+2019 (decimal 8217)
   defining Unicode char U+201C (decimal 8220)
   defining Unicode char U+201D (decimal 8221)
)
Now handling font encoding OMS ...
... processing UTF-8 mapping file for font encoding OMS

(/usr/share/texlive/texmf-dist/tex/latex/base/omsenc.dfu
File: omsenc.dfu 2008/04/05 v1.1m UTF-8 support for inputenc
   defining Unicode char U+00A7 (decimal 167)
   defining Unicode char U+00B6 (decimal 182)
   defining Unicode char U+00B7 (decimal 183)
   defining Unicode char U+2020 (decimal 8224)
   defining Unicode char U+2021 (decimal 8225)
   defining Unicode char U+2022 (decimal 8226)
)
Now handling font encoding OMX ...
... no UTF-8 mapping file for font encoding OMX
Now handling font encoding U ...
... no UTF-8 mapping file for font encoding U
   defining Unicode char U+00A9 (decimal 169)
   defining Unicode char U+00AA (decimal 170)
   defining Unicode char U+00AE (decimal 174)
   defining Unicode char U+00BA (decimal 186)
   defining Unicode char U+02C6 (decimal 710)
   defining Unicode char U+02DC (decimal 732)
   defining Unicode char U+200C (decimal 8204)
   defining Unicode char U+2026 (decimal 8230)
   defining Unicode char U+2122 (decimal 8482)
   defining Unicode char U+2423 (decimal 9251)
))
(/usr/share/texlive/texmf-dist/tex/generic/babel/babel.sty
Package: babel 2013/12/03 3.9h The Babel package

(/usr/share/texlive/texmf-dist/tex/generic/babel-italian/italian.ldf
Language: italian 2013/11/22 v1.3f Italian support from the babel system

(/usr/share/texlive/texmf-dist/tex/generic/babel/babel.def
File: babel.def 2013/12/03 3.9h Babel common definitions
\babel@savecnt=\count87
\U@D=\dimen103
)
\it@lettering=\count88
Package babel Info: Making " an active character on input line 98.
\Virgola=\count89
))
(/usr/share/texlive/texmf-dist/tex/latex/etoolbox/etoolbox.sty
Package: etoolbox 2011/01/03 v2.1 e-TeX tools for LaTeX

(/usr/share/texlive/texmf-dist/tex/latex/etex-pkg/etex.sty
Package: etex 1998/03/26 v2.0 eTeX basic definition package (PEB)
\et@xins=\count90
)
\etb@tempcnta=\count91
)
(/usr/share/texlive/texmf-dist/tex/latex/amsmath/amsmath.sty
Package: amsmath 2013/01/14 v2.14 AMS math features
\@mathmargin=\skip43

For additional information on amsmath, use the `?' option.
(/usr/share/texlive/texmf-dist/tex/latex/amsmath/amstext.sty
Package: amstext 2000/06/29 v2.01

(/usr/share/texlive/texmf-dist/tex/latex/amsmath/amsgen.sty
File: amsgen.sty 1999/11/30 v2.0
\@emptytoks=\toks16
\ex@=\dimen104
))
(/usr/share/texlive/texmf-dist/tex/latex/amsmath/amsbsy.sty
Package: amsbsy 1999/11/29 v1.2d
\pmbraise@=\dimen105
)
(/usr/share/texlive/texmf-dist/tex/latex/amsmath/amsopn.sty
Package: amsopn 1999/12/14 v2.01 operator names
)
\inf@bad=\count92
LaTeX Info: Redefining \frac on input line 210.
\uproot@=\count93
\leftroot@=\count94
LaTeX Info: Redefining \overline on input line 306.
\classnum@=\count95
\DOTSCASE@=\count96
LaTeX Info: Redefining \ldots on input line 378.
LaTeX Info: Redefining \dots on input line 381.
LaTeX Info: Redefining \cdots on input line 466.
\Mathstrutbox@=\box26
\strutbox@=\box27
\big@size=\dimen106
LaTeX Font Info:    Redeclaring font encoding OML on input line 566.
LaTeX Font Info:    Redeclaring font encoding OMS on input line 567.
\macc@depth=\count97
\c@MaxMatrixCols=\count98
\dotsspace@=\muskip10
\c@parentequation=\count99
\dspbrk@lvl=\count100
\tag@help=\toks17
\row@=\count101
\column@=\count102
\maxfields@=\count103
\andhelp@=\toks18
\eqnshift@=\dimen107
\alignsep@=\dimen108
\tagshift@=\dimen109
\tagwidth@=\dimen110
\totwidth@=\dimen111
\lineht@=\dimen112
\@envbody=\toks19
\multlinegap=\skip44
\multlinetaggap=\skip45
\mathdisplay@stack=\toks20
LaTeX Info: Redefining \[ on input line 2665.
LaTeX Info: Redefining \] on input line 2666.
)
(/usr/share/texlive/texmf-dist/tex/latex/amsfonts/amsfonts.sty
Package: amsfonts 2013/01/14 v3.01 Basic AMSFonts support
\symAMSa=\mathgroup4
\symAMSb=\mathgroup5
LaTeX Font Info:    Overwriting math alphabet `\mathfrak' in version `bold'
(Font)                  U/euf/m/n --> U/euf/b/n on input line 106.
)
(/usr/share/texlive/texmf-dist/tex/latex/amsfonts/amssymb.sty
Package: amssymb 2013/01/14 v3.01 AMS font symbols
)
(/usr/share/texlive/texmf-dist/tex/latex/graphics/graphicx.sty
Package: graphicx 1999/02/16 v1.0f Enhanced LaTeX Graphics (DPC,SPQR)

(/usr/share/texlive/texmf-dist/tex/latex/graphics/keyval.sty
Package: keyval 1999/03/16 v1.13 key=value parser (DPC)
\KV@toks@=\toks21
)
(/usr/share/texlive/texmf-dist/tex/latex/graphics/graphics.sty
Package: graphics 2009/02/05 v1.0o Standard LaTeX Graphics (DPC,SPQR)

(/usr/share/texlive/texmf-dist/tex/latex/graphics/trig.sty
Package: trig 1999/03/16 v1.09 sin cos tan (DPC)
)
(/usr/share/texlive/texmf-dist/tex/latex/latexconfig/graphics.cfg
File: graphics.cfg 2010/04/23 v1.9 graphics configuration of TeX Live
)
Package graphics Info: Driver file: pdftex.def on input line 91.

(/usr/share/texlive/texmf-dist/tex/latex/pdftex-def/pdftex.def
File: pdftex.def 2011/05/27 v0.06d Graphics/color for pdfTeX

(/usr/share/texlive/texmf-dist/tex/generic/oberdiek/infwarerr.sty
Package: infwarerr 2010/04/08 v1.3 Providing info/warning/error messages (HO)
)
(/usr/share/texlive/texmf-dist/tex/generic/oberdiek/ltxcmds.sty
Package: ltxcmds 2011/11/09 v1.22 LaTeX kernel commands for general use (HO)
)
\Gread@gobject=\count104
))
\Gin@req@height=\dimen113
\Gin@req@width=\dimen114
)
(./crittografia1.aux)
\openout1 = `crittografia1.aux'.

LaTeX Font Info:    Checking defaults for OML/cmm/m/it on input line 12.
LaTeX Font Info:    ... okay on input line 12.
LaTeX Font Info:    Checking defaults for T1/cmr/m/n on input line 12.
LaTeX Font Info:    ... okay on input line 12.
LaTeX Font Info:    Checking defaults for OT1/cmr/m/n on input line 12.
LaTeX Font Info:    ... okay on input line 12.
LaTeX Font Info:    Checking defaults for OMS/cmsy/m/n on input line 12.
LaTeX Font Info:    ... okay on input line 12.
LaTeX Font Info:    Checking defaults for OMX/cmex/m/n on input line 12.
LaTeX Font Info:    ... okay on input line 12.
LaTeX Font Info:    Checking defaults for U/cmr/m/n on input line 12.
LaTeX Font Info:    ... okay on input line 12.
LaTeX Info: Redefining \it@ocap on input line 12.
LaTeX Info: Redefining \it@ccap on input line 12.


File italian.ldf warning: 
italian.ldf    With OT1 encoding guillemets are poorly faked
italian.ldf    Use T1 encoding
italian.ldf    or specify a font with command \CaporaliFrom
italian.ldf    See the documentation concerning the babel-italian typesetting 
italian.ldf    on input line 12.

(/usr/share/texlive/texmf-dist/tex/context/base/supp-pdf.mkii
[Loading MPS to PDF converter (version 2006.09.02).]
\scratchcounter=\count105
\scratchdimen=\dimen115
\scratchbox=\box28
\nofMPsegments=\count106
\nofMParguments=\count107
\everyMPshowfont=\toks22
\MPscratchCnt=\count108
\MPscratchDim=\dimen116
\MPnumerator=\count109
\makeMPintoPDFobject=\count110
\everyMPtoPDFconversion=\toks23
) (/usr/share/texlive/texmf-dist/tex/generic/oberdiek/pdftexcmds.sty
Package: pdftexcmds 2011/11/29 v0.20 Utility functions of pdfTeX for LuaTeX (HO
)

(/usr/share/texlive/texmf-dist/tex/generic/oberdiek/ifluatex.sty
Package: ifluatex 2010/03/01 v1.3 Provides the ifluatex switch (HO)
Package ifluatex Info: LuaTeX not detected.
)
(/usr/share/texlive/texmf-dist/tex/generic/oberdiek/ifpdf.sty
Package: ifpdf 2011/01/30 v2.3 Provides the ifpdf switch (HO)
Package ifpdf Info: pdfTeX in PDF mode is detected.
)
Package pdftexcmds Info: LuaTeX not detected.
Package pdftexcmds Info: \pdf@primitive is available.
Package pdftexcmds Info: \pdf@ifprimitive is available.
Package pdftexcmds Info: \pdfdraftmode found.
)
(/usr/share/texlive/texmf-dist/tex/latex/oberdiek/epstopdf-base.sty
Package: epstopdf-base 2010/02/09 v2.5 Base part for package epstopdf

(/usr/share/texlive/texmf-dist/tex/latex/oberdiek/grfext.sty
Package: grfext 2010/08/19 v1.1 Manage graphics extensions (HO)

(/usr/share/texlive/texmf-dist/tex/generic/oberdiek/kvdefinekeys.sty
Package: kvdefinekeys 2011/04/07 v1.3 Define keys (HO)
))
(/usr/share/texlive/texmf-dist/tex/latex/oberdiek/kvoptions.sty
Package: kvoptions 2011/06/30 v3.11 Key value format for package options (HO)

(/usr/share/texlive/texmf-dist/tex/generic/oberdiek/kvsetkeys.sty
Package: kvsetkeys 2012/04/25 v1.16 Key value parser (HO)

(/usr/share/texlive/texmf-dist/tex/generic/oberdiek/etexcmds.sty
Package: etexcmds 2011/02/16 v1.5 Avoid name clashes with e-TeX commands (HO)
Package etexcmds Info: Could not find \expanded.
(etexcmds)             That can mean that you are not using pdfTeX 1.50 or
(etexcmds)             that some package has redefined \expanded.
(etexcmds)             In the latter case, load this package earlier.
)))
Package grfext Info: Graphics extension search list:
(grfext)             [.png,.pdf,.jpg,.mps,.jpeg,.jbig2,.jb2,.PNG,.PDF,.JPG,.JPE
G,.JBIG2,.JB2,.eps]
(grfext)             \AppendGraphicsExtensions on input line 452.

(/usr/share/texlive/texmf-dist/tex/latex/latexconfig/epstopdf-sys.cfg
File: epstopdf-sys.cfg 2010/07/13 v1.3 Configuration of (r)epstopdf for TeX Liv
e
))
LaTeX Font Info:    Try loading font information for U+msa on input line 13.

(/usr/share/texlive/texmf-dist/tex/latex/amsfonts/umsa.fd
File: umsa.fd 2013/01/14 v3.01 AMS symbols A
)
LaTeX Font Info:    Try loading font information for U+msb on input line 13.

(/usr/share/texlive/texmf-dist/tex/latex/amsfonts/umsb.fd
File: umsb.fd 2013/01/14 v3.01 AMS symbols B
)
<immagini/eve1.png, id=1, 722.7pt x 450.9648pt>
File: immagini/eve1.png Graphic file (type png)
 <use immagini/eve1.png>
Package pdftex.def Info: immagini/eve1.png used on input line 18.
(pdftex.def)             Requested size: 289.07487pt x 180.38272pt.

[1

{/var/lib/texmf/fonts/map/pdftex/updmap/pdftex.map} <./immagini/eve1.png>]
Underfull \hbox (badness 10000) in paragraph at lines 26--27

 []

LaTeX Font Info:    Try loading font information for OMS+cmr on input line 28.
(/usr/share/texlive/texmf-dist/tex/latex/base/omscmr.fd
File: omscmr.fd 1999/05/25 v2.5h Standard LaTeX font definitions
)
LaTeX Font Info:    Font shape `OMS/cmr/m/n' in size <10> not available
(Font)              Font shape `OMS/cmsy/m/n' tried instead on input line 28.

Underfull \hbox (badness 10000) in paragraph at lines 43--46

 []

[2]
Underfull \hbox (badness 10000) in paragraph at lines 67--68

 []


Underfull \hbox (badness 10000) in paragraph at lines 69--71

 []

[3] <immagini/Frequenze-alf_it.png, id=23, 229.60782pt x 201.00093pt>
File: immagini/Frequenze-alf_it.png Graphic file (type png)

<use immagini/Frequenze-alf_it.png>
Package pdftex.def Info: immagini/Frequenze-alf_it.png used on input line 106.
(pdftex.def)             Requested size: 183.6865pt x 160.80095pt.

Underfull \hbox (badness 10000) in paragraph at lines 114--115

 []

[4 <./immagini/Frequenze-alf_it.png>] [5] [6] [7]
Underfull \hbox (badness 10000) in paragraph at lines 240--245

 []

[8]
<immagini/Crittografia_asimmetrica_schema.png, id=44, 525.965pt x 441.65pt>
File: immagini/Crittografia_asimmetrica_schema.png Graphic file (type png)

<use immagini/Crittografia_asimmetrica_schema.png>
Package pdftex.def Info: immagini/Crittografia_asimmetrica_schema.png used on i
nput line 260.
(pdftex.def)             Requested size: 210.38226pt x 176.65686pt.
 [9 <./immagini/Crittografia_asimmetrica_schema.png>]
Underfull \hbox (badness 10000) in paragraph at lines 281--290

 []


Overfull \hbox (0.81981pt too wide) in paragraph at lines 281--290
\OT1/cmr/m/n/10 plaintext = 88, $\OML/cmm/m/it/10 K[]\OT1/cmr/m/n/10 (187\OML/c
mm/m/it/10 ; \OT1/cmr/m/n/10 7)\OML/cmm/m/it/10 ; K[]\OT1/cmr/m/n/10 (\OML/cmm/
m/it/10 p; q; \OT1/cmr/m/n/10 23)$ ci-pher-text: $88[][]  (187) \OMS/cmsy/m/n/1
0 )
 []


Underfull \hbox (badness 10000) in paragraph at lines 293--300

 []

[10]
Overfull \hbox (1.74994pt too wide) in paragraph at lines 305--310
\OT1/cmr/m/n/10 (\OML/cmm/m/it/10 plaintext\OT1/cmr/m/n/10 )[][]  (\OML/cmm/m/i
t/10 n\OT1/cmr/m/n/10 ) = (\OML/cmm/m/it/10 plaintext\OT1/cmr/m/n/10 )[][]  (\O
ML/cmm/m/it/10 n\OT1/cmr/m/n/10 ) \OMS/cmsy/m/n/10 ^^Q \OML/cmm/m/it/10 plainte
xt$ 
 []


Underfull \hbox (badness 10000) in paragraph at lines 341--343

 []

[11] [12]
Underfull \hbox (badness 10000) in paragraph at lines 375--376

 []


Underfull \hbox (badness 10000) in paragraph at lines 376--378

 []


Underfull \hbox (badness 10000) in paragraph at lines 386--426

 []

[13] [14] <immagini/SubBytes.png, id=68, 803.0pt x 416.55624pt>
File: immagini/SubBytes.png Graphic file (type png)

<use immagini/SubBytes.png>
Package pdftex.def Info: immagini/SubBytes.png used on input line 452.
(pdftex.def)             Requested size: 240.90186pt x 124.96783pt.

<immagini/ShiftRows.png, id=69, 803.0pt x 297.11pt>
File: immagini/ShiftRows.png Graphic file (type png)

<use immagini/ShiftRows.png>
Package pdftex.def Info: immagini/ShiftRows.png used on input line 459.
(pdftex.def)             Requested size: 321.1943pt x 118.84189pt.

<immagini/MixColumns.png, id=70, 803.0pt x 426.59375pt>
File: immagini/MixColumns.png Graphic file (type png)

<use immagini/MixColumns.png>
Package pdftex.def Info: immagini/MixColumns.png used on input line 465.
(pdftex.def)             Requested size: 321.1943pt x 170.63446pt.
 [15 <./immagini/SubBytes.png> <./immagini/ShiftRows.png>] <immagini/AddRoundKe
y.png, id=76, 773.89125pt x 602.25pt>
File: immagini/AddRoundKey.png Graphic file (type png)

<use immagini/AddRoundKey.png>
Package pdftex.def Info: immagini/AddRoundKey.png used on input line 471.
(pdftex.def)             Requested size: 309.55101pt x 240.89572pt.
 [16 <./immagini/MixColumns.png> <./immagini/AddRoundKey.png>]
Underfull \hbox (badness 10000) in paragraph at lines 477--478

 []


Underfull \hbox (badness 10000) in paragraph at lines 478--481

 []


Underfull \hbox (badness 10000) in paragraph at lines 492--492
[][]\OT1/cmr/m/n/8 Per mag-gio-ri in-for-ma-zio-ni si guar-di il se-guen-te lin
k:
 []

[17]
Underfull \hbox (badness 10000) in paragraph at lines 527--533

 []

[18] [19]
Underfull \hbox (badness 10000) in paragraph at lines 560--561

 []


Underfull \hbox (badness 10000) in paragraph at lines 561--562

 []


Underfull \hbox (badness 10000) in paragraph at lines 562--563

 []


Underfull \hbox (badness 10000) in paragraph at lines 563--564

 []

[20] <immagini/DES_fastell.png, id=97, 222.8325pt x 600.2425pt>
File: immagini/DES_fastell.png Graphic file (type png)

<use immagini/DES_fastell.png>
Package pdftex.def Info: immagini/DES_fastell.png used on input line 605.
(pdftex.def)             Requested size: 133.70053pt x 360.14827pt.

<immagini/DES_round.png, id=98, 376.40625pt x 383.4325pt>
File: immagini/DES_round.png Graphic file (type png)

<use immagini/DES_round.png>
Package pdftex.def Info: immagini/DES_round.png used on input line 611.
(pdftex.def)             Requested size: 225.84547pt x 230.06126pt.
 [21] [22 <./immagini/DES_fastell.png>]
<immagini/DES_gestore_chiave.png, id=106, 301.125pt x 492.84125pt>
File: immagini/DES_gestore_chiave.png Graphic file (type png)

<use immagini/DES_gestore_chiave.png>
Package pdftex.def Info: immagini/DES_gestore_chiave.png used on input line 627
.
(pdftex.def)             Requested size: 180.67638pt x 295.70702pt.
LaTeX Font Info:    Try loading font information for U+lasy on input line 629.

(/usr/share/texlive/texmf-dist/tex/latex/base/ulasy.fd
File: ulasy.fd 1998/08/17 v2.2e LaTeX symbol font definitions
) [23 <./immagini/DES_round.png>] [24 <./immagini/DES_gestore_chiave.png (PNG c
opy)>]
<immagini/ecb.png, id=114, 433.62pt x 177.0615pt>
File: immagini/ecb.png Graphic file (type png)
 <use immagini/ecb.png>
Package pdftex.def Info: immagini/ecb.png used on input line 644.
(pdftex.def)             Requested size: 260.17401pt x 106.2377pt.

[25 <./immagini/ecb.png>] <immagini/cbc.png, id=119, 433.62pt x 175.6161pt>
File: immagini/cbc.png Graphic file (type png)

<use immagini/cbc.png>
Package pdftex.def Info: immagini/cbc.png used on input line 654.
(pdftex.def)             Requested size: 346.89647pt x 140.49307pt.

Overfull \hbox (1.89647pt too wide) in paragraph at lines 654--655
[][] 
 []


Underfull \hbox (badness 10000) in paragraph at lines 665--667

 []

[26 <./immagini/cbc.png>] <immagini/cfb.png, id=123, 433.62pt x 206.6922pt>
File: immagini/cfb.png Graphic file (type png)

<use immagini/cfb.png>
Package pdftex.def Info: immagini/cfb.png used on input line 672.
(pdftex.def)             Requested size: 346.89647pt x 165.35397pt.

Overfull \hbox (1.89647pt too wide) in paragraph at lines 672--673
[][] 
 []

<immagini/ofb.png, id=124, 433.62pt x 206.6922pt>
File: immagini/ofb.png Graphic file (type png)
 <use immagini/ofb.png>
Package pdftex.def Info: immagini/ofb.png used on input line 681.
(pdftex.def)             Requested size: 346.89647pt x 165.35397pt.

Overfull \hbox (1.89647pt too wide) in paragraph at lines 681--682
[][] 
 []

[27 <./immagini/cfb.png (PNG copy)> <./immagini/ofb.png (PNG copy)>]
<immagini/ctr.png, id=128, 434.3427pt x 174.8934pt>
File: immagini/ctr.png Graphic file (type png)
 <use immagini/ctr.png>
Package pdftex.def Info: immagini/ctr.png used on input line 693.
(pdftex.def)             Requested size: 347.47464pt x 139.9149pt.

Overfull \hbox (2.47464pt too wide) in paragraph at lines 693--694
[][] 
 []

[28 <./immagini/ctr.png>]
Underfull \hbox (badness 10000) in paragraph at lines 709--710

 []


Underfull \hbox (badness 10000) in paragraph at lines 711--712

 []


Underfull \hbox (badness 10000) in paragraph at lines 713--714

 []


Underfull \hbox (badness 10000) in paragraph at lines 728--730

 []


Underfull \hbox (badness 10000) in paragraph at lines 730--731

 []


Underfull \hbox (badness 10000) in paragraph at lines 732--733

 []


Underfull \hbox (badness 10000) in paragraph at lines 740--741

 []

[29]
Underfull \hbox (badness 10000) in paragraph at lines 742--744

 []


Underfull \hbox (badness 10000) in paragraph at lines 752--753

 []

<immagini/scambioChiavi.png, id=135, 400.49625pt x 601.24625pt>
File: immagini/scambioChiavi.png Graphic file (type png)

<use immagini/scambioChiavi.png>
Package pdftex.def Info: immagini/scambioChiavi.png used on input line 758.
(pdftex.def)             Requested size: 240.29959pt x 360.75052pt.
 [30] [31 <./immagini/scambioChiavi.png>]
[32] [33] <immagini/sha-1.png, id=150, 366.36874pt x 381.425pt>
File: immagini/sha-1.png Graphic file (type png)

<use immagini/sha-1.png>
Package pdftex.def Info: immagini/sha-1.png used on input line 808.
(pdftex.def)             Requested size: 219.82294pt x 228.85675pt.

Overfull \hbox (9.05624pt too wide) in paragraph at lines 814--815
[]\OT1/cmr/m/n/10 Passo 2 (Ag-giun-ta lun-ghez-za): Al-la se-quen-za di bit (me
s-sag-gio+imbottitura)
 []

[34] [35 <./immagini/sha-1.png>]
<immagini/digital-signature.png, id=158, 803.0pt x 602.25pt>
File: immagini/digital-signature.png Graphic file (type png)

<use immagini/digital-signature.png>
Package pdftex.def Info: immagini/digital-signature.png used on input line 839.

(pdftex.def)             Requested size: 321.1943pt x 240.89572pt.
 [36] [37 <./immagini/digital-signature.png>] <immagini/curva_ellitica.png, id=
167, 428.60126pt x 601.24625pt>
File: immagini/curva_ellitica.png Graphic file (type png)

<use immagini/curva_ellitica.png>
Package pdftex.def Info: immagini/curva_ellitica.png used on input line 864.
(pdftex.def)             Requested size: 171.43745pt x 240.49423pt.

<immagini/curva_ellittica_punti.PNG, id=168, 827.09pt x 576.1525pt>
File: immagini/curva_ellittica_punti.PNG Graphic file (type png)

<use immagini/curva_ellittica_punti.PNG>
Package pdftex.def Info: immagini/curva_ellittica_punti.PNG used on input line 
879.
(pdftex.def)             Requested size: 248.1289pt x 172.84708pt.
 [38 <./immagini/curva_ellitica.png>]
Underfull \hbox (badness 10000) in paragraph at lines 884--904

 []


Underfull \hbox (badness 10000) in paragraph at lines 905--906

 []

[39 <./immagini/curva_ellittica_punti.PNG>]
Underfull \hbox (badness 3118) in paragraph at lines 931--931
[][]\OT1/cmr/m/n/8 Si ve-da Crit-to-si-ste-mi ba-sa-ti su Cur-ve El-lit-ti-che 
ca-pi-to-lo 3.3 - uni-ver-sit^^Ra de-
 []


Underfull \hbox (badness 10000) in paragraph at lines 931--935

 []

[40]
Underfull \hbox (badness 10000) in paragraph at lines 955--956

 []


Underfull \hbox (badness 10000) in paragraph at lines 967--973

 []

[41] [42] (./crittografia1.aux) ) 
Here is how much of TeX's memory you used:
 3550 strings out of 494417
 46305 string characters out of 6165016
 117342 words of memory out of 5000000
 6709 multiletter control sequences out of 15000+600000
 11955 words of font info for 47 fonts, out of 8000000 for 9000
 372 hyphenation exceptions out of 8191
 37i,8n,24p,1333b,239s stack positions out of 5000i,500n,10000p,200000b,80000s
</usr/share/texlive/texmf-dist/fonts/type1/pub
lic/amsfonts/cm/cmbx10.pfb></usr/share/texlive/texmf-dist/fonts/type1/public/am
sfonts/cm/cmbx12.pfb></usr/share/texlive/texmf-dist/fonts/type1/public/amsfonts
/cm/cmex10.pfb></usr/share/texlive/texmf-dist/fonts/type1/public/amsfonts/cm/cm
mi10.pfb></usr/share/texlive/texmf-dist/fonts/type1/public/amsfonts/cm/cmmi5.pf
b></usr/share/texlive/texmf-dist/fonts/type1/public/amsfonts/cm/cmmi7.pfb></usr
/share/texlive/texmf-dist/fonts/type1/public/amsfonts/cm/cmr10.pfb></usr/share/
texlive/texmf-dist/fonts/type1/public/amsfonts/cm/cmr12.pfb></usr/share/texlive
/texmf-dist/fonts/type1/public/amsfonts/cm/cmr17.pfb></usr/share/texlive/texmf-
dist/fonts/type1/public/amsfonts/cm/cmr5.pfb></usr/share/texlive/texmf-dist/fon
ts/type1/public/amsfonts/cm/cmr6.pfb></usr/share/texlive/texmf-dist/fonts/type1
/public/amsfonts/cm/cmr7.pfb></usr/share/texlive/texmf-dist/fonts/type1/public/
amsfonts/cm/cmr8.pfb></usr/share/texlive/texmf-dist/fonts/type1/public/amsfonts
/cm/cmsy10.pfb></usr/share/texlive/texmf-dist/fonts/type1/public/amsfonts/cm/cm
sy5.pfb></usr/share/texlive/texmf-dist/fonts/type1/public/amsfonts/cm/cmsy7.pfb
></usr/share/texlive/texmf-dist/fonts/type1/public/amsfonts/cm/cmti10.pfb></usr
/share/texlive/texmf-dist/fonts/type1/public/amsfonts/latxfont/lasy10.pfb></usr
/share/texlive/texmf-dist/fonts/type1/public/amsfonts/symbols/msbm10.pfb>
Output written on crittografia1.pdf (42 pages, 1046176 bytes).
PDF statistics:
 249 PDF objects out of 1000 (max. 8388607)
 153 compressed objects within 2 object streams
 0 named destinations out of 1000 (max. 500000)
 101 words of extra memory for PDF output out of 10000 (max. 10000000)

